The system is: Windows - 10.0.19043 - AMD64
Compiling the C compiler identification source file "CMakeCCompilerId.c" succeeded.
Compiler: C:/Program Files (x86)/Microsoft Visual Studio/2019/Community/VC/Tools/MSVC/14.28.29333/bin/Hostx86/x86/cl.exe 
Build flags: 
Id flags:  

The output was:
0
Compilateur d'optimisation Microsoft (R) C/C++ version 19.28.29336 pour x86
Copyright (C) Microsoft Corporation. Tous droits réservés.

CMakeCCompilerId.c
Microsoft (R) Incremental Linker Version 14.28.29336.0
Copyright (C) Microsoft Corporation.  All rights reserved.

/out:CMakeCCompilerId.exe 
CMakeCCompilerId.obj 


Compilation of the C compiler identification source "CMakeCCompilerId.c" produced "CMakeCCompilerId.exe"

Compilation of the C compiler identification source "CMakeCCompilerId.c" produced "CMakeCCompilerId.obj"

The C compiler identification is MSVC, found in "D:/IG 2020-2021/Q3/PNDI/PNDI_in_C/cmake-build-debug/CMakeFiles/3.20.2/CompilerIdC/CMakeCCompilerId.exe"

Detecting C compiler ABI info compiled with the following output:
Change Dir: D:/IG 2020-2021/Q3/PNDI/PNDI_in_C/cmake-build-debug/CMakeFiles/CMakeTmp

Run Build Command(s):nmake -f Makefile /nologo cmTC_eed53\fast && 	"C:\Program Files (x86)\Microsoft Visual Studio\2019\Community\VC\Tools\MSVC\14.28.29333\bin\HostX86\x86\nmake.exe"  -f CMakeFiles\cmTC_eed53.dir\build.make /nologo -L                  CMakeFiles\cmTC_eed53.dir\build
Building C object CMakeFiles/cmTC_eed53.dir/CMakeCCompilerABI.c.obj
	"D:\Program Files (x86)\CLion 2021.2\bin\cmake\win\bin\cmake.exe" -E cmake_cl_compile_depends --dep-file=CMakeFiles\cmTC_eed53.dir\CMakeCCompilerABI.c.obj.d --working-dir="D:\IG 2020-2021\Q3\PNDI\PNDI_in_C\cmake-build-debug\CMakeFiles\CMakeTmp" --filter-prefix="" -- C:\PROGRA~2\MICROS~3\2019\COMMUN~1\VC\Tools\MSVC\1428~1.293\bin\Hostx86\x86\cl.exe @C:\Users\Pauline\AppData\Local\Temp\nm947A.tmp
Linking C executable cmTC_eed53.exe
	"D:\Program Files (x86)\CLion 2021.2\bin\cmake\win\bin\cmake.exe" -E vs_link_exe --intdir=CMakeFiles\cmTC_eed53.dir --rc=C:\PROGRA~2\WI3CF2~1\10\bin\100183~1.0\x86\rc.exe --mt=C:\PROGRA~2\WI3CF2~1\10\bin\100183~1.0\x86\mt.exe --manifests -- C:\PROGRA~2\MICROS~3\2019\COMMUN~1\VC\Tools\MSVC\1428~1.293\bin\Hostx86\x86\link.exe /nologo @CMakeFiles\cmTC_eed53.dir\objects1.rsp @C:\Users\Pauline\AppData\Local\Temp\nm9630.tmp



